[2020-02-08 23:08:53,401] INFO [GroupMetadataManager brokerId=0] Removed 0 expired offsets in 0 milliseconds. (kafka.coordinator.group.GroupMetadataManager)
[2020-02-08 23:18:53,401] INFO [GroupMetadataManager brokerId=0] Removed 0 expired offsets in 0 milliseconds. (kafka.coordinator.group.GroupMetadataManager)
[2020-02-08 23:28:53,401] INFO [GroupMetadataManager brokerId=0] Removed 0 expired offsets in 0 milliseconds. (kafka.coordinator.group.GroupMetadataManager)
[2020-02-08 23:38:53,401] INFO [GroupMetadataManager brokerId=0] Removed 0 expired offsets in 0 milliseconds. (kafka.coordinator.group.GroupMetadataManager)
[2020-02-08 23:48:53,401] INFO [GroupMetadataManager brokerId=0] Removed 0 expired offsets in 0 milliseconds. (kafka.coordinator.group.GroupMetadataManager)
[2020-02-08 23:55:51,801] INFO Terminating process due to signal SIGHUP (org.apache.kafka.common.utils.LoggingSignalHandler)
[2020-02-08 23:55:51,801] INFO Terminating process due to signal SIGHUP (org.apache.kafka.common.utils.LoggingSignalHandler)
[2020-02-08 23:55:51,915] INFO [KafkaServer id=0] shutting down (kafka.server.KafkaServer)
[2020-02-08 23:55:51,924] INFO [KafkaServer id=0] Starting controlled shutdown (kafka.server.KafkaServer)
[2020-02-08 23:55:52,169] INFO [KafkaServer id=0] Controlled shutdown succeeded (kafka.server.KafkaServer)
[2020-02-08 23:55:52,188] INFO [/config/changes-event-process-thread]: Shutting down (kafka.common.ZkNodeChangeNotificationListener$ChangeEventProcessThread)
[2020-02-08 23:55:52,193] INFO [/config/changes-event-process-thread]: Shutdown completed (kafka.common.ZkNodeChangeNotificationListener$ChangeEventProcessThread)
[2020-02-08 23:55:52,193] INFO [/config/changes-event-process-thread]: Stopped (kafka.common.ZkNodeChangeNotificationListener$ChangeEventProcessThread)
[2020-02-08 23:55:52,197] INFO [SocketServer brokerId=0] Stopping socket server request processors (kafka.network.SocketServer)
[2020-02-08 23:55:52,224] INFO [SocketServer brokerId=0] Stopped socket server request processors (kafka.network.SocketServer)
[2020-02-08 23:55:52,229] INFO [data-plane Kafka Request Handler on Broker 0], shutting down (kafka.server.KafkaRequestHandlerPool)
[2020-02-08 23:55:52,236] INFO [data-plane Kafka Request Handler on Broker 0], shut down completely (kafka.server.KafkaRequestHandlerPool)
[2020-02-08 23:55:52,242] INFO [ExpirationReaper-0-AlterAcls]: Shutting down (kafka.server.DelayedOperationPurgatory$ExpiredOperationReaper)
[2020-02-08 23:55:52,374] INFO [ExpirationReaper-0-AlterAcls]: Stopped (kafka.server.DelayedOperationPurgatory$ExpiredOperationReaper)
[2020-02-08 23:55:52,374] INFO [ExpirationReaper-0-AlterAcls]: Shutdown completed (kafka.server.DelayedOperationPurgatory$ExpiredOperationReaper)
[2020-02-08 23:55:52,377] INFO [KafkaApi-0] Shutdown complete. (kafka.server.KafkaApis)
[2020-02-08 23:55:52,381] INFO [ExpirationReaper-0-topic]: Shutting down (kafka.server.DelayedOperationPurgatory$ExpiredOperationReaper)
[2020-02-08 23:55:52,490] INFO [ExpirationReaper-0-topic]: Stopped (kafka.server.DelayedOperationPurgatory$ExpiredOperationReaper)
[2020-02-08 23:55:52,490] INFO [ExpirationReaper-0-topic]: Shutdown completed (kafka.server.DelayedOperationPurgatory$ExpiredOperationReaper)
[2020-02-08 23:55:52,499] INFO [TransactionCoordinator id=0] Shutting down. (kafka.coordinator.transaction.TransactionCoordinator)
[2020-02-08 23:55:52,502] INFO [ProducerId Manager 0]: Shutdown complete: last producerId assigned 2000 (kafka.coordinator.transaction.ProducerIdManager)
[2020-02-08 23:55:52,504] INFO [Transaction State Manager 0]: Shutdown complete (kafka.coordinator.transaction.TransactionStateManager)
[2020-02-08 23:55:52,504] INFO [Transaction Marker Channel Manager 0]: Shutting down (kafka.coordinator.transaction.TransactionMarkerChannelManager)
[2020-02-08 23:55:52,507] INFO [Transaction Marker Channel Manager 0]: Stopped (kafka.coordinator.transaction.TransactionMarkerChannelManager)
[2020-02-08 23:55:52,507] INFO [Transaction Marker Channel Manager 0]: Shutdown completed (kafka.coordinator.transaction.TransactionMarkerChannelManager)
[2020-02-08 23:55:52,509] INFO [TransactionCoordinator id=0] Shutdown complete. (kafka.coordinator.transaction.TransactionCoordinator)
[2020-02-08 23:55:52,511] INFO [GroupCoordinator 0]: Shutting down. (kafka.coordinator.group.GroupCoordinator)
[2020-02-08 23:55:52,512] INFO [ExpirationReaper-0-Heartbeat]: Shutting down (kafka.server.DelayedOperationPurgatory$ExpiredOperationReaper)
[2020-02-08 23:55:52,662] INFO [ExpirationReaper-0-Heartbeat]: Stopped (kafka.server.DelayedOperationPurgatory$ExpiredOperationReaper)
[2020-02-08 23:55:52,662] INFO [ExpirationReaper-0-Heartbeat]: Shutdown completed (kafka.server.DelayedOperationPurgatory$ExpiredOperationReaper)
[2020-02-08 23:55:52,663] INFO [ExpirationReaper-0-Rebalance]: Shutting down (kafka.server.DelayedOperationPurgatory$ExpiredOperationReaper)
[2020-02-08 23:55:52,702] INFO [ExpirationReaper-0-Rebalance]: Stopped (kafka.server.DelayedOperationPurgatory$ExpiredOperationReaper)
[2020-02-08 23:55:52,702] INFO [ExpirationReaper-0-Rebalance]: Shutdown completed (kafka.server.DelayedOperationPurgatory$ExpiredOperationReaper)
[2020-02-08 23:55:52,705] INFO [GroupCoordinator 0]: Shutdown complete. (kafka.coordinator.group.GroupCoordinator)
[2020-02-08 23:55:52,710] INFO [ReplicaManager broker=0] Shutting down (kafka.server.ReplicaManager)
[2020-02-08 23:55:52,712] INFO [LogDirFailureHandler]: Shutting down (kafka.server.ReplicaManager$LogDirFailureHandler)
[2020-02-08 23:55:52,713] INFO [LogDirFailureHandler]: Shutdown completed (kafka.server.ReplicaManager$LogDirFailureHandler)
[2020-02-08 23:55:52,713] INFO [LogDirFailureHandler]: Stopped (kafka.server.ReplicaManager$LogDirFailureHandler)
[2020-02-08 23:55:52,716] INFO [ReplicaFetcherManager on broker 0] shutting down (kafka.server.ReplicaFetcherManager)
[2020-02-08 23:55:52,719] INFO [ReplicaFetcherManager on broker 0] shutdown completed (kafka.server.ReplicaFetcherManager)
[2020-02-08 23:55:52,720] INFO [ReplicaAlterLogDirsManager on broker 0] shutting down (kafka.server.ReplicaAlterLogDirsManager)
[2020-02-08 23:55:52,721] INFO [ReplicaAlterLogDirsManager on broker 0] shutdown completed (kafka.server.ReplicaAlterLogDirsManager)
[2020-02-08 23:55:52,721] INFO [ExpirationReaper-0-Fetch]: Shutting down (kafka.server.DelayedOperationPurgatory$ExpiredOperationReaper)
[2020-02-08 23:55:52,762] INFO [ExpirationReaper-0-Fetch]: Stopped (kafka.server.DelayedOperationPurgatory$ExpiredOperationReaper)
[2020-02-08 23:55:52,762] INFO [ExpirationReaper-0-Fetch]: Shutdown completed (kafka.server.DelayedOperationPurgatory$ExpiredOperationReaper)
[2020-02-08 23:55:52,763] INFO [ExpirationReaper-0-Produce]: Shutting down (kafka.server.DelayedOperationPurgatory$ExpiredOperationReaper)
[2020-02-08 23:55:52,773] INFO [ExpirationReaper-0-Produce]: Stopped (kafka.server.DelayedOperationPurgatory$ExpiredOperationReaper)
[2020-02-08 23:55:52,773] INFO [ExpirationReaper-0-Produce]: Shutdown completed (kafka.server.DelayedOperationPurgatory$ExpiredOperationReaper)
[2020-02-08 23:55:52,775] INFO [ExpirationReaper-0-DeleteRecords]: Shutting down (kafka.server.DelayedOperationPurgatory$ExpiredOperationReaper)
[2020-02-08 23:55:52,888] INFO [ExpirationReaper-0-DeleteRecords]: Stopped (kafka.server.DelayedOperationPurgatory$ExpiredOperationReaper)
[2020-02-08 23:55:52,888] INFO [ExpirationReaper-0-DeleteRecords]: Shutdown completed (kafka.server.DelayedOperationPurgatory$ExpiredOperationReaper)
[2020-02-08 23:55:52,889] INFO [ExpirationReaper-0-ElectLeader]: Shutting down (kafka.server.DelayedOperationPurgatory$ExpiredOperationReaper)
[2020-02-08 23:55:53,090] INFO [ExpirationReaper-0-ElectLeader]: Stopped (kafka.server.DelayedOperationPurgatory$ExpiredOperationReaper)
[2020-02-08 23:55:53,090] INFO [ExpirationReaper-0-ElectLeader]: Shutdown completed (kafka.server.DelayedOperationPurgatory$ExpiredOperationReaper)
[2020-02-08 23:55:53,096] INFO [ReplicaManager broker=0] Shut down completely (kafka.server.ReplicaManager)
[2020-02-08 23:55:53,100] INFO Shutting down. (kafka.log.LogManager)
[2020-02-08 23:55:53,139] INFO [ProducerStateManager partition=topic.demo-3] Writing producer snapshot at offset 8392179 (kafka.log.ProducerStateManager)
[2020-02-08 23:55:53,146] INFO [ProducerStateManager partition=__consumer_offsets-8] Writing producer snapshot at offset 3 (kafka.log.ProducerStateManager)
[2020-02-08 23:55:53,155] INFO [ProducerStateManager partition=topic.demo-1] Writing producer snapshot at offset 8381897 (kafka.log.ProducerStateManager)
[2020-02-08 23:55:53,159] INFO [ProducerStateManager partition=ly-0] Writing producer snapshot at offset 69549364 (kafka.log.ProducerStateManager)
[2020-02-08 23:55:53,163] INFO [ProducerStateManager partition=topic.demo-2] Writing producer snapshot at offset 8389180 (kafka.log.ProducerStateManager)
[2020-02-08 23:55:53,165] INFO [ProducerStateManager partition=__consumer_offsets-43] Writing producer snapshot at offset 1524 (kafka.log.ProducerStateManager)
[2020-02-08 23:55:53,168] INFO [ProducerStateManager partition=topic.demo-0] Writing producer snapshot at offset 8389547 (kafka.log.ProducerStateManager)
[2020-02-08 23:55:53,173] INFO [ProducerStateManager partition=__consumer_offsets-12] Writing producer snapshot at offset 29112 (kafka.log.ProducerStateManager)
[2020-02-08 23:55:53,224] INFO Shutdown complete. (kafka.log.LogManager)
[2020-02-08 23:55:53,251] INFO [ZooKeeperClient Kafka server] Closing. (kafka.zookeeper.ZooKeeperClient)
[2020-02-08 23:55:53,395] INFO EventThread shut down for session: 0x100016a859c0052 (org.apache.zookeeper.ClientCnxn)
[2020-02-08 23:55:53,396] INFO Session: 0x100016a859c0052 closed (org.apache.zookeeper.ZooKeeper)
[2020-02-08 23:55:53,397] INFO [ZooKeeperClient Kafka server] Closed. (kafka.zookeeper.ZooKeeperClient)
[2020-02-08 23:55:53,399] INFO [ThrottledChannelReaper-Fetch]: Shutting down (kafka.server.ClientQuotaManager$ThrottledChannelReaper)
[2020-02-08 23:55:53,766] INFO [ThrottledChannelReaper-Fetch]: Stopped (kafka.server.ClientQuotaManager$ThrottledChannelReaper)
[2020-02-08 23:55:53,766] INFO [ThrottledChannelReaper-Fetch]: Shutdown completed (kafka.server.ClientQuotaManager$ThrottledChannelReaper)
[2020-02-08 23:55:53,767] INFO [ThrottledChannelReaper-Produce]: Shutting down (kafka.server.ClientQuotaManager$ThrottledChannelReaper)
[2020-02-08 23:55:54,767] INFO [ThrottledChannelReaper-Produce]: Stopped (kafka.server.ClientQuotaManager$ThrottledChannelReaper)
[2020-02-08 23:55:54,767] INFO [ThrottledChannelReaper-Produce]: Shutdown completed (kafka.server.ClientQuotaManager$ThrottledChannelReaper)
[2020-02-08 23:55:54,767] INFO [ThrottledChannelReaper-Request]: Shutting down (kafka.server.ClientQuotaManager$ThrottledChannelReaper)
[2020-02-08 23:55:54,863] INFO [ThrottledChannelReaper-Request]: Stopped (kafka.server.ClientQuotaManager$ThrottledChannelReaper)
[2020-02-08 23:55:54,863] INFO [ThrottledChannelReaper-Request]: Shutdown completed (kafka.server.ClientQuotaManager$ThrottledChannelReaper)
[2020-02-08 23:55:54,864] INFO [SocketServer brokerId=0] Shutting down socket server (kafka.network.SocketServer)
[2020-02-08 23:55:54,952] INFO [SocketServer brokerId=0] Shutdown completed (kafka.network.SocketServer)
[2020-02-08 23:55:54,966] INFO [KafkaServer id=0] shut down completed (kafka.server.KafkaServer)
