[2020-02-08 14:03:14,946] TRACE [Controller id=0 epoch=4] Changed partition topic.admin.test-2 state from NonExistentPartition to NewPartition with assigned replicas 0 (state.change.logger)
[2020-02-08 14:03:14,946] TRACE [Controller id=0 epoch=4] Changed partition topic.admin.test-1 state from NonExistentPartition to NewPartition with assigned replicas 0 (state.change.logger)
[2020-02-08 14:03:14,946] TRACE [Controller id=0 epoch=4] Changed partition topic.admin.test-0 state from NonExistentPartition to NewPartition with assigned replicas 0 (state.change.logger)
[2020-02-08 14:03:14,946] TRACE [Controller id=0 epoch=4] Changed partition topic.admin.test-3 state from NonExistentPartition to NewPartition with assigned replicas 0 (state.change.logger)
[2020-02-08 14:03:14,946] TRACE [Controller id=0 epoch=4] Changed state of replica 0 for partition topic.admin.test-2 from NonExistentReplica to NewReplica (state.change.logger)
[2020-02-08 14:03:14,946] TRACE [Controller id=0 epoch=4] Changed state of replica 0 for partition topic.admin.test-1 from NonExistentReplica to NewReplica (state.change.logger)
[2020-02-08 14:03:14,946] TRACE [Controller id=0 epoch=4] Changed state of replica 0 for partition topic.admin.test-0 from NonExistentReplica to NewReplica (state.change.logger)
[2020-02-08 14:03:14,946] TRACE [Controller id=0 epoch=4] Changed state of replica 0 for partition topic.admin.test-3 from NonExistentReplica to NewReplica (state.change.logger)
[2020-02-08 14:03:14,958] TRACE [Controller id=0 epoch=4] Changed partition topic.admin.test-2 from NewPartition to OnlinePartition with state LeaderAndIsr(leader=0, leaderEpoch=0, isr=List(0), zkVersion=0) (state.change.logger)
[2020-02-08 14:03:14,958] TRACE [Controller id=0 epoch=4] Changed partition topic.admin.test-1 from NewPartition to OnlinePartition with state LeaderAndIsr(leader=0, leaderEpoch=0, isr=List(0), zkVersion=0) (state.change.logger)
[2020-02-08 14:03:14,958] TRACE [Controller id=0 epoch=4] Changed partition topic.admin.test-0 from NewPartition to OnlinePartition with state LeaderAndIsr(leader=0, leaderEpoch=0, isr=List(0), zkVersion=0) (state.change.logger)
[2020-02-08 14:03:14,958] TRACE [Controller id=0 epoch=4] Changed partition topic.admin.test-3 from NewPartition to OnlinePartition with state LeaderAndIsr(leader=0, leaderEpoch=0, isr=List(0), zkVersion=0) (state.change.logger)
[2020-02-08 14:03:14,958] TRACE [Controller id=0 epoch=4] Sending become-leader LeaderAndIsr request LeaderAndIsrPartitionState(topicName='topic.admin.test', partitionIndex=1, controllerEpoch=4, leader=0, leaderEpoch=0, isr=[0], zkVersion=0, replicas=[0], addingReplicas=[], removingReplicas=[], isNew=true) to broker 0 for partition topic.admin.test-1 (state.change.logger)
[2020-02-08 14:03:14,958] TRACE [Controller id=0 epoch=4] Sending become-leader LeaderAndIsr request LeaderAndIsrPartitionState(topicName='topic.admin.test', partitionIndex=3, controllerEpoch=4, leader=0, leaderEpoch=0, isr=[0], zkVersion=0, replicas=[0], addingReplicas=[], removingReplicas=[], isNew=true) to broker 0 for partition topic.admin.test-3 (state.change.logger)
[2020-02-08 14:03:14,958] TRACE [Controller id=0 epoch=4] Sending become-leader LeaderAndIsr request LeaderAndIsrPartitionState(topicName='topic.admin.test', partitionIndex=0, controllerEpoch=4, leader=0, leaderEpoch=0, isr=[0], zkVersion=0, replicas=[0], addingReplicas=[], removingReplicas=[], isNew=true) to broker 0 for partition topic.admin.test-0 (state.change.logger)
[2020-02-08 14:03:14,958] TRACE [Controller id=0 epoch=4] Sending become-leader LeaderAndIsr request LeaderAndIsrPartitionState(topicName='topic.admin.test', partitionIndex=2, controllerEpoch=4, leader=0, leaderEpoch=0, isr=[0], zkVersion=0, replicas=[0], addingReplicas=[], removingReplicas=[], isNew=true) to broker 0 for partition topic.admin.test-2 (state.change.logger)
[2020-02-08 14:03:14,958] TRACE [Controller id=0 epoch=4] Sending UpdateMetadata request UpdateMetadataPartitionState(topicName='topic.admin.test', partitionIndex=1, controllerEpoch=4, leader=0, leaderEpoch=0, isr=[0], zkVersion=0, replicas=[0], offlineReplicas=[]) to brokers Set(0) for partition topic.admin.test-1 (state.change.logger)
[2020-02-08 14:03:14,958] TRACE [Controller id=0 epoch=4] Sending UpdateMetadata request UpdateMetadataPartitionState(topicName='topic.admin.test', partitionIndex=3, controllerEpoch=4, leader=0, leaderEpoch=0, isr=[0], zkVersion=0, replicas=[0], offlineReplicas=[]) to brokers Set(0) for partition topic.admin.test-3 (state.change.logger)
[2020-02-08 14:03:14,958] TRACE [Controller id=0 epoch=4] Sending UpdateMetadata request UpdateMetadataPartitionState(topicName='topic.admin.test', partitionIndex=0, controllerEpoch=4, leader=0, leaderEpoch=0, isr=[0], zkVersion=0, replicas=[0], offlineReplicas=[]) to brokers Set(0) for partition topic.admin.test-0 (state.change.logger)
[2020-02-08 14:03:14,958] TRACE [Controller id=0 epoch=4] Sending UpdateMetadata request UpdateMetadataPartitionState(topicName='topic.admin.test', partitionIndex=2, controllerEpoch=4, leader=0, leaderEpoch=0, isr=[0], zkVersion=0, replicas=[0], offlineReplicas=[]) to brokers Set(0) for partition topic.admin.test-2 (state.change.logger)
[2020-02-08 14:03:14,959] TRACE [Controller id=0 epoch=4] Changed state of replica 0 for partition topic.admin.test-2 from NewReplica to OnlineReplica (state.change.logger)
[2020-02-08 14:03:14,959] TRACE [Controller id=0 epoch=4] Changed state of replica 0 for partition topic.admin.test-1 from NewReplica to OnlineReplica (state.change.logger)
[2020-02-08 14:03:14,959] TRACE [Controller id=0 epoch=4] Changed state of replica 0 for partition topic.admin.test-0 from NewReplica to OnlineReplica (state.change.logger)
[2020-02-08 14:03:14,959] TRACE [Controller id=0 epoch=4] Changed state of replica 0 for partition topic.admin.test-3 from NewReplica to OnlineReplica (state.change.logger)
[2020-02-08 14:03:14,963] TRACE [Broker id=0] Received LeaderAndIsr request LeaderAndIsrPartitionState(topicName='topic.admin.test', partitionIndex=1, controllerEpoch=4, leader=0, leaderEpoch=0, isr=[0], zkVersion=0, replicas=[0], addingReplicas=[], removingReplicas=[], isNew=true) correlation id 7 from controller 0 epoch 4 (state.change.logger)
[2020-02-08 14:03:14,963] TRACE [Broker id=0] Received LeaderAndIsr request LeaderAndIsrPartitionState(topicName='topic.admin.test', partitionIndex=3, controllerEpoch=4, leader=0, leaderEpoch=0, isr=[0], zkVersion=0, replicas=[0], addingReplicas=[], removingReplicas=[], isNew=true) correlation id 7 from controller 0 epoch 4 (state.change.logger)
[2020-02-08 14:03:14,963] TRACE [Broker id=0] Received LeaderAndIsr request LeaderAndIsrPartitionState(topicName='topic.admin.test', partitionIndex=0, controllerEpoch=4, leader=0, leaderEpoch=0, isr=[0], zkVersion=0, replicas=[0], addingReplicas=[], removingReplicas=[], isNew=true) correlation id 7 from controller 0 epoch 4 (state.change.logger)
[2020-02-08 14:03:14,963] TRACE [Broker id=0] Received LeaderAndIsr request LeaderAndIsrPartitionState(topicName='topic.admin.test', partitionIndex=2, controllerEpoch=4, leader=0, leaderEpoch=0, isr=[0], zkVersion=0, replicas=[0], addingReplicas=[], removingReplicas=[], isNew=true) correlation id 7 from controller 0 epoch 4 (state.change.logger)
[2020-02-08 14:03:14,970] TRACE [Broker id=0] Handling LeaderAndIsr request correlationId 7 from controller 0 epoch 4 starting the become-leader transition for partition topic.admin.test-2 (state.change.logger)
[2020-02-08 14:03:14,970] TRACE [Broker id=0] Handling LeaderAndIsr request correlationId 7 from controller 0 epoch 4 starting the become-leader transition for partition topic.admin.test-3 (state.change.logger)
[2020-02-08 14:03:14,970] TRACE [Broker id=0] Handling LeaderAndIsr request correlationId 7 from controller 0 epoch 4 starting the become-leader transition for partition topic.admin.test-0 (state.change.logger)
[2020-02-08 14:03:14,970] TRACE [Broker id=0] Handling LeaderAndIsr request correlationId 7 from controller 0 epoch 4 starting the become-leader transition for partition topic.admin.test-1 (state.change.logger)
[2020-02-08 14:03:14,982] TRACE [Broker id=0] Stopped fetchers as part of become-leader request from controller 0 epoch 4 with correlation id 7 for partition topic.admin.test-2 (last update controller epoch 4) (state.change.logger)
[2020-02-08 14:03:14,988] TRACE [Broker id=0] Stopped fetchers as part of become-leader request from controller 0 epoch 4 with correlation id 7 for partition topic.admin.test-3 (last update controller epoch 4) (state.change.logger)
[2020-02-08 14:03:14,993] TRACE [Broker id=0] Stopped fetchers as part of become-leader request from controller 0 epoch 4 with correlation id 7 for partition topic.admin.test-0 (last update controller epoch 4) (state.change.logger)
[2020-02-08 14:03:14,999] TRACE [Broker id=0] Stopped fetchers as part of become-leader request from controller 0 epoch 4 with correlation id 7 for partition topic.admin.test-1 (last update controller epoch 4) (state.change.logger)
[2020-02-08 14:03:14,999] TRACE [Broker id=0] Completed LeaderAndIsr request correlationId 7 from controller 0 epoch 4 for the become-leader transition for partition topic.admin.test-2 (state.change.logger)
[2020-02-08 14:03:14,999] TRACE [Broker id=0] Completed LeaderAndIsr request correlationId 7 from controller 0 epoch 4 for the become-leader transition for partition topic.admin.test-3 (state.change.logger)
[2020-02-08 14:03:14,999] TRACE [Broker id=0] Completed LeaderAndIsr request correlationId 7 from controller 0 epoch 4 for the become-leader transition for partition topic.admin.test-0 (state.change.logger)
[2020-02-08 14:03:14,999] TRACE [Broker id=0] Completed LeaderAndIsr request correlationId 7 from controller 0 epoch 4 for the become-leader transition for partition topic.admin.test-1 (state.change.logger)
[2020-02-08 14:03:15,001] TRACE [Controller id=0 epoch=4] Received response {error_code=0,partition_errors=[{topic_name=topic.admin.test,partition_index=1,error_code=0,_tagged_fields={}},{topic_name=topic.admin.test,partition_index=3,error_code=0,_tagged_fields={}},{topic_name=topic.admin.test,partition_index=0,error_code=0,_tagged_fields={}},{topic_name=topic.admin.test,partition_index=2,error_code=0,_tagged_fields={}}],_tagged_fields={}} for request LEADER_AND_ISR with correlation id 7 sent to broker master:9092 (id: 0 rack: null) (state.change.logger)
[2020-02-08 14:03:15,001] TRACE [Broker id=0] Cached leader info UpdateMetadataPartitionState(topicName='topic.admin.test', partitionIndex=1, controllerEpoch=4, leader=0, leaderEpoch=0, isr=[0], zkVersion=0, replicas=[0], offlineReplicas=[]) for partition topic.admin.test-1 in response to UpdateMetadata request sent by controller 0 epoch 4 with correlation id 8 (state.change.logger)
[2020-02-08 14:03:15,001] TRACE [Broker id=0] Cached leader info UpdateMetadataPartitionState(topicName='topic.admin.test', partitionIndex=3, controllerEpoch=4, leader=0, leaderEpoch=0, isr=[0], zkVersion=0, replicas=[0], offlineReplicas=[]) for partition topic.admin.test-3 in response to UpdateMetadata request sent by controller 0 epoch 4 with correlation id 8 (state.change.logger)
[2020-02-08 14:03:15,001] TRACE [Broker id=0] Cached leader info UpdateMetadataPartitionState(topicName='topic.admin.test', partitionIndex=0, controllerEpoch=4, leader=0, leaderEpoch=0, isr=[0], zkVersion=0, replicas=[0], offlineReplicas=[]) for partition topic.admin.test-0 in response to UpdateMetadata request sent by controller 0 epoch 4 with correlation id 8 (state.change.logger)
[2020-02-08 14:03:15,001] TRACE [Broker id=0] Cached leader info UpdateMetadataPartitionState(topicName='topic.admin.test', partitionIndex=2, controllerEpoch=4, leader=0, leaderEpoch=0, isr=[0], zkVersion=0, replicas=[0], offlineReplicas=[]) for partition topic.admin.test-2 in response to UpdateMetadata request sent by controller 0 epoch 4 with correlation id 8 (state.change.logger)
[2020-02-08 14:03:15,009] TRACE [Controller id=0 epoch=4] Received response {error_code=0,_tagged_fields={}} for request UPDATE_METADATA with correlation id 8 sent to broker master:9092 (id: 0 rack: null) (state.change.logger)
[2020-02-08 14:05:42,749] TRACE [Controller id=0 epoch=4] Changed partition topic.admin.test1-2 state from NonExistentPartition to NewPartition with assigned replicas 0 (state.change.logger)
[2020-02-08 14:05:42,750] TRACE [Controller id=0 epoch=4] Changed partition topic.admin.test1-1 state from NonExistentPartition to NewPartition with assigned replicas 0 (state.change.logger)
[2020-02-08 14:05:42,750] TRACE [Controller id=0 epoch=4] Changed partition topic.admin.test1-0 state from NonExistentPartition to NewPartition with assigned replicas 0 (state.change.logger)
[2020-02-08 14:05:42,750] TRACE [Controller id=0 epoch=4] Changed partition topic.admin.test1-3 state from NonExistentPartition to NewPartition with assigned replicas 0 (state.change.logger)
[2020-02-08 14:05:42,750] TRACE [Controller id=0 epoch=4] Changed state of replica 0 for partition topic.admin.test1-2 from NonExistentReplica to NewReplica (state.change.logger)
[2020-02-08 14:05:42,750] TRACE [Controller id=0 epoch=4] Changed state of replica 0 for partition topic.admin.test1-1 from NonExistentReplica to NewReplica (state.change.logger)
[2020-02-08 14:05:42,750] TRACE [Controller id=0 epoch=4] Changed state of replica 0 for partition topic.admin.test1-0 from NonExistentReplica to NewReplica (state.change.logger)
[2020-02-08 14:05:42,750] TRACE [Controller id=0 epoch=4] Changed state of replica 0 for partition topic.admin.test1-3 from NonExistentReplica to NewReplica (state.change.logger)
[2020-02-08 14:05:42,758] TRACE [Controller id=0 epoch=4] Changed partition topic.admin.test1-2 from NewPartition to OnlinePartition with state LeaderAndIsr(leader=0, leaderEpoch=0, isr=List(0), zkVersion=0) (state.change.logger)
[2020-02-08 14:05:42,758] TRACE [Controller id=0 epoch=4] Changed partition topic.admin.test1-1 from NewPartition to OnlinePartition with state LeaderAndIsr(leader=0, leaderEpoch=0, isr=List(0), zkVersion=0) (state.change.logger)
[2020-02-08 14:05:42,758] TRACE [Controller id=0 epoch=4] Changed partition topic.admin.test1-0 from NewPartition to OnlinePartition with state LeaderAndIsr(leader=0, leaderEpoch=0, isr=List(0), zkVersion=0) (state.change.logger)
[2020-02-08 14:05:42,758] TRACE [Controller id=0 epoch=4] Changed partition topic.admin.test1-3 from NewPartition to OnlinePartition with state LeaderAndIsr(leader=0, leaderEpoch=0, isr=List(0), zkVersion=0) (state.change.logger)
[2020-02-08 14:05:42,759] TRACE [Controller id=0 epoch=4] Sending become-leader LeaderAndIsr request LeaderAndIsrPartitionState(topicName='topic.admin.test1', partitionIndex=3, controllerEpoch=4, leader=0, leaderEpoch=0, isr=[0], zkVersion=0, replicas=[0], addingReplicas=[], removingReplicas=[], isNew=true) to broker 0 for partition topic.admin.test1-3 (state.change.logger)
[2020-02-08 14:05:42,759] TRACE [Controller id=0 epoch=4] Sending become-leader LeaderAndIsr request LeaderAndIsrPartitionState(topicName='topic.admin.test1', partitionIndex=0, controllerEpoch=4, leader=0, leaderEpoch=0, isr=[0], zkVersion=0, replicas=[0], addingReplicas=[], removingReplicas=[], isNew=true) to broker 0 for partition topic.admin.test1-0 (state.change.logger)
[2020-02-08 14:05:42,759] TRACE [Controller id=0 epoch=4] Sending become-leader LeaderAndIsr request LeaderAndIsrPartitionState(topicName='topic.admin.test1', partitionIndex=2, controllerEpoch=4, leader=0, leaderEpoch=0, isr=[0], zkVersion=0, replicas=[0], addingReplicas=[], removingReplicas=[], isNew=true) to broker 0 for partition topic.admin.test1-2 (state.change.logger)
[2020-02-08 14:05:42,759] TRACE [Controller id=0 epoch=4] Sending become-leader LeaderAndIsr request LeaderAndIsrPartitionState(topicName='topic.admin.test1', partitionIndex=1, controllerEpoch=4, leader=0, leaderEpoch=0, isr=[0], zkVersion=0, replicas=[0], addingReplicas=[], removingReplicas=[], isNew=true) to broker 0 for partition topic.admin.test1-1 (state.change.logger)
[2020-02-08 14:05:42,759] TRACE [Controller id=0 epoch=4] Sending UpdateMetadata request UpdateMetadataPartitionState(topicName='topic.admin.test1', partitionIndex=3, controllerEpoch=4, leader=0, leaderEpoch=0, isr=[0], zkVersion=0, replicas=[0], offlineReplicas=[]) to brokers Set(0) for partition topic.admin.test1-3 (state.change.logger)
[2020-02-08 14:05:42,759] TRACE [Controller id=0 epoch=4] Sending UpdateMetadata request UpdateMetadataPartitionState(topicName='topic.admin.test1', partitionIndex=0, controllerEpoch=4, leader=0, leaderEpoch=0, isr=[0], zkVersion=0, replicas=[0], offlineReplicas=[]) to brokers Set(0) for partition topic.admin.test1-0 (state.change.logger)
[2020-02-08 14:05:42,759] TRACE [Controller id=0 epoch=4] Sending UpdateMetadata request UpdateMetadataPartitionState(topicName='topic.admin.test1', partitionIndex=2, controllerEpoch=4, leader=0, leaderEpoch=0, isr=[0], zkVersion=0, replicas=[0], offlineReplicas=[]) to brokers Set(0) for partition topic.admin.test1-2 (state.change.logger)
[2020-02-08 14:05:42,759] TRACE [Controller id=0 epoch=4] Sending UpdateMetadata request UpdateMetadataPartitionState(topicName='topic.admin.test1', partitionIndex=1, controllerEpoch=4, leader=0, leaderEpoch=0, isr=[0], zkVersion=0, replicas=[0], offlineReplicas=[]) to brokers Set(0) for partition topic.admin.test1-1 (state.change.logger)
[2020-02-08 14:05:42,759] TRACE [Controller id=0 epoch=4] Changed state of replica 0 for partition topic.admin.test1-2 from NewReplica to OnlineReplica (state.change.logger)
[2020-02-08 14:05:42,759] TRACE [Controller id=0 epoch=4] Changed state of replica 0 for partition topic.admin.test1-1 from NewReplica to OnlineReplica (state.change.logger)
[2020-02-08 14:05:42,759] TRACE [Controller id=0 epoch=4] Changed state of replica 0 for partition topic.admin.test1-0 from NewReplica to OnlineReplica (state.change.logger)
[2020-02-08 14:05:42,759] TRACE [Controller id=0 epoch=4] Changed state of replica 0 for partition topic.admin.test1-3 from NewReplica to OnlineReplica (state.change.logger)
[2020-02-08 14:05:42,760] TRACE [Broker id=0] Received LeaderAndIsr request LeaderAndIsrPartitionState(topicName='topic.admin.test1', partitionIndex=3, controllerEpoch=4, leader=0, leaderEpoch=0, isr=[0], zkVersion=0, replicas=[0], addingReplicas=[], removingReplicas=[], isNew=true) correlation id 9 from controller 0 epoch 4 (state.change.logger)
[2020-02-08 14:05:42,760] TRACE [Broker id=0] Received LeaderAndIsr request LeaderAndIsrPartitionState(topicName='topic.admin.test1', partitionIndex=0, controllerEpoch=4, leader=0, leaderEpoch=0, isr=[0], zkVersion=0, replicas=[0], addingReplicas=[], removingReplicas=[], isNew=true) correlation id 9 from controller 0 epoch 4 (state.change.logger)
[2020-02-08 14:05:42,760] TRACE [Broker id=0] Received LeaderAndIsr request LeaderAndIsrPartitionState(topicName='topic.admin.test1', partitionIndex=2, controllerEpoch=4, leader=0, leaderEpoch=0, isr=[0], zkVersion=0, replicas=[0], addingReplicas=[], removingReplicas=[], isNew=true) correlation id 9 from controller 0 epoch 4 (state.change.logger)
[2020-02-08 14:05:42,760] TRACE [Broker id=0] Received LeaderAndIsr request LeaderAndIsrPartitionState(topicName='topic.admin.test1', partitionIndex=1, controllerEpoch=4, leader=0, leaderEpoch=0, isr=[0], zkVersion=0, replicas=[0], addingReplicas=[], removingReplicas=[], isNew=true) correlation id 9 from controller 0 epoch 4 (state.change.logger)
[2020-02-08 14:05:42,765] TRACE [Broker id=0] Handling LeaderAndIsr request correlationId 9 from controller 0 epoch 4 starting the become-leader transition for partition topic.admin.test1-3 (state.change.logger)
[2020-02-08 14:05:42,765] TRACE [Broker id=0] Handling LeaderAndIsr request correlationId 9 from controller 0 epoch 4 starting the become-leader transition for partition topic.admin.test1-0 (state.change.logger)
[2020-02-08 14:05:42,765] TRACE [Broker id=0] Handling LeaderAndIsr request correlationId 9 from controller 0 epoch 4 starting the become-leader transition for partition topic.admin.test1-1 (state.change.logger)
[2020-02-08 14:05:42,765] TRACE [Broker id=0] Handling LeaderAndIsr request correlationId 9 from controller 0 epoch 4 starting the become-leader transition for partition topic.admin.test1-2 (state.change.logger)
[2020-02-08 14:05:42,776] TRACE [Broker id=0] Stopped fetchers as part of become-leader request from controller 0 epoch 4 with correlation id 9 for partition topic.admin.test1-3 (last update controller epoch 4) (state.change.logger)
[2020-02-08 14:05:42,782] TRACE [Broker id=0] Stopped fetchers as part of become-leader request from controller 0 epoch 4 with correlation id 9 for partition topic.admin.test1-0 (last update controller epoch 4) (state.change.logger)
[2020-02-08 14:05:42,788] TRACE [Broker id=0] Stopped fetchers as part of become-leader request from controller 0 epoch 4 with correlation id 9 for partition topic.admin.test1-1 (last update controller epoch 4) (state.change.logger)
[2020-02-08 14:05:42,795] TRACE [Broker id=0] Stopped fetchers as part of become-leader request from controller 0 epoch 4 with correlation id 9 for partition topic.admin.test1-2 (last update controller epoch 4) (state.change.logger)
[2020-02-08 14:05:42,795] TRACE [Broker id=0] Completed LeaderAndIsr request correlationId 9 from controller 0 epoch 4 for the become-leader transition for partition topic.admin.test1-3 (state.change.logger)
[2020-02-08 14:05:42,795] TRACE [Broker id=0] Completed LeaderAndIsr request correlationId 9 from controller 0 epoch 4 for the become-leader transition for partition topic.admin.test1-0 (state.change.logger)
[2020-02-08 14:05:42,795] TRACE [Broker id=0] Completed LeaderAndIsr request correlationId 9 from controller 0 epoch 4 for the become-leader transition for partition topic.admin.test1-1 (state.change.logger)
[2020-02-08 14:05:42,795] TRACE [Broker id=0] Completed LeaderAndIsr request correlationId 9 from controller 0 epoch 4 for the become-leader transition for partition topic.admin.test1-2 (state.change.logger)
[2020-02-08 14:05:42,795] TRACE [Controller id=0 epoch=4] Received response {error_code=0,partition_errors=[{topic_name=topic.admin.test1,partition_index=3,error_code=0,_tagged_fields={}},{topic_name=topic.admin.test1,partition_index=0,error_code=0,_tagged_fields={}},{topic_name=topic.admin.test1,partition_index=2,error_code=0,_tagged_fields={}},{topic_name=topic.admin.test1,partition_index=1,error_code=0,_tagged_fields={}}],_tagged_fields={}} for request LEADER_AND_ISR with correlation id 9 sent to broker master:9092 (id: 0 rack: null) (state.change.logger)
[2020-02-08 14:05:42,796] TRACE [Broker id=0] Cached leader info UpdateMetadataPartitionState(topicName='topic.admin.test1', partitionIndex=3, controllerEpoch=4, leader=0, leaderEpoch=0, isr=[0], zkVersion=0, replicas=[0], offlineReplicas=[]) for partition topic.admin.test1-3 in response to UpdateMetadata request sent by controller 0 epoch 4 with correlation id 10 (state.change.logger)
[2020-02-08 14:05:42,796] TRACE [Broker id=0] Cached leader info UpdateMetadataPartitionState(topicName='topic.admin.test1', partitionIndex=0, controllerEpoch=4, leader=0, leaderEpoch=0, isr=[0], zkVersion=0, replicas=[0], offlineReplicas=[]) for partition topic.admin.test1-0 in response to UpdateMetadata request sent by controller 0 epoch 4 with correlation id 10 (state.change.logger)
[2020-02-08 14:05:42,796] TRACE [Broker id=0] Cached leader info UpdateMetadataPartitionState(topicName='topic.admin.test1', partitionIndex=2, controllerEpoch=4, leader=0, leaderEpoch=0, isr=[0], zkVersion=0, replicas=[0], offlineReplicas=[]) for partition topic.admin.test1-2 in response to UpdateMetadata request sent by controller 0 epoch 4 with correlation id 10 (state.change.logger)
[2020-02-08 14:05:42,796] TRACE [Broker id=0] Cached leader info UpdateMetadataPartitionState(topicName='topic.admin.test1', partitionIndex=1, controllerEpoch=4, leader=0, leaderEpoch=0, isr=[0], zkVersion=0, replicas=[0], offlineReplicas=[]) for partition topic.admin.test1-1 in response to UpdateMetadata request sent by controller 0 epoch 4 with correlation id 10 (state.change.logger)
[2020-02-08 14:05:42,797] TRACE [Controller id=0 epoch=4] Received response {error_code=0,_tagged_fields={}} for request UPDATE_METADATA with correlation id 10 sent to broker master:9092 (id: 0 rack: null) (state.change.logger)
[2020-02-08 14:07:36,535] TRACE [Controller id=0 epoch=4] Changed partition topic.admin.test1-2 state from OnlinePartition to OfflinePartition (state.change.logger)
[2020-02-08 14:07:36,535] TRACE [Controller id=0 epoch=4] Changed partition topic.admin.test1-1 state from OnlinePartition to OfflinePartition (state.change.logger)
[2020-02-08 14:07:36,535] TRACE [Controller id=0 epoch=4] Changed partition topic.admin.test1-3 state from OnlinePartition to OfflinePartition (state.change.logger)
[2020-02-08 14:07:36,535] TRACE [Controller id=0 epoch=4] Changed partition topic.admin.test1-0 state from OnlinePartition to OfflinePartition (state.change.logger)
[2020-02-08 14:07:36,536] TRACE [Controller id=0 epoch=4] Changed partition topic.admin.test1-2 state from OfflinePartition to NonExistentPartition (state.change.logger)
[2020-02-08 14:07:36,536] TRACE [Controller id=0 epoch=4] Changed partition topic.admin.test1-1 state from OfflinePartition to NonExistentPartition (state.change.logger)
[2020-02-08 14:07:36,536] TRACE [Controller id=0 epoch=4] Changed partition topic.admin.test1-3 state from OfflinePartition to NonExistentPartition (state.change.logger)
[2020-02-08 14:07:36,536] TRACE [Controller id=0 epoch=4] Changed partition topic.admin.test1-0 state from OfflinePartition to NonExistentPartition (state.change.logger)
[2020-02-08 14:07:36,537] TRACE [Controller id=0 epoch=4] Sending UpdateMetadata request UpdateMetadataPartitionState(topicName='topic.admin.test1', partitionIndex=3, controllerEpoch=4, leader=-2, leaderEpoch=0, isr=[0], zkVersion=0, replicas=[0], offlineReplicas=[]) to brokers Set(0) for partition topic.admin.test1-3 (state.change.logger)
[2020-02-08 14:07:36,537] TRACE [Controller id=0 epoch=4] Sending UpdateMetadata request UpdateMetadataPartitionState(topicName='topic.admin.test1', partitionIndex=0, controllerEpoch=4, leader=-2, leaderEpoch=0, isr=[0], zkVersion=0, replicas=[0], offlineReplicas=[]) to brokers Set(0) for partition topic.admin.test1-0 (state.change.logger)
[2020-02-08 14:07:36,537] TRACE [Controller id=0 epoch=4] Sending UpdateMetadata request UpdateMetadataPartitionState(topicName='topic.admin.test1', partitionIndex=2, controllerEpoch=4, leader=-2, leaderEpoch=0, isr=[0], zkVersion=0, replicas=[0], offlineReplicas=[]) to brokers Set(0) for partition topic.admin.test1-2 (state.change.logger)
[2020-02-08 14:07:36,537] TRACE [Controller id=0 epoch=4] Sending UpdateMetadata request UpdateMetadataPartitionState(topicName='topic.admin.test1', partitionIndex=1, controllerEpoch=4, leader=-2, leaderEpoch=0, isr=[0], zkVersion=0, replicas=[0], offlineReplicas=[]) to brokers Set(0) for partition topic.admin.test1-1 (state.change.logger)
[2020-02-08 14:07:36,539] TRACE [Broker id=0] Deleted partition topic.admin.test1-3 from metadata cache in response to UpdateMetadata request sent by controller 0 epoch 4 with correlation id 11 (state.change.logger)
[2020-02-08 14:07:36,539] TRACE [Broker id=0] Deleted partition topic.admin.test1-0 from metadata cache in response to UpdateMetadata request sent by controller 0 epoch 4 with correlation id 11 (state.change.logger)
[2020-02-08 14:07:36,539] TRACE [Broker id=0] Deleted partition topic.admin.test1-2 from metadata cache in response to UpdateMetadata request sent by controller 0 epoch 4 with correlation id 11 (state.change.logger)
[2020-02-08 14:07:36,539] TRACE [Broker id=0] Deleted partition topic.admin.test1-1 from metadata cache in response to UpdateMetadata request sent by controller 0 epoch 4 with correlation id 11 (state.change.logger)
[2020-02-08 14:07:36,549] TRACE [Controller id=0 epoch=4] Received response {error_code=0,_tagged_fields={}} for request UPDATE_METADATA with correlation id 11 sent to broker master:9092 (id: 0 rack: null) (state.change.logger)
[2020-02-08 14:07:36,572] TRACE [Controller id=0 epoch=4] Changed state of replica 0 for partition topic.admin.test1-3 from OnlineReplica to OfflineReplica (state.change.logger)
[2020-02-08 14:07:36,572] TRACE [Controller id=0 epoch=4] Changed state of replica 0 for partition topic.admin.test1-0 from OnlineReplica to OfflineReplica (state.change.logger)
[2020-02-08 14:07:36,572] TRACE [Controller id=0 epoch=4] Changed state of replica 0 for partition topic.admin.test1-2 from OnlineReplica to OfflineReplica (state.change.logger)
[2020-02-08 14:07:36,572] TRACE [Controller id=0 epoch=4] Changed state of replica 0 for partition topic.admin.test1-1 from OnlineReplica to OfflineReplica (state.change.logger)
[2020-02-08 14:07:36,577] TRACE [Controller id=0 epoch=4] Changed state of replica 0 for partition topic.admin.test1-2 from OfflineReplica to ReplicaDeletionStarted (state.change.logger)
[2020-02-08 14:07:36,577] TRACE [Controller id=0 epoch=4] Changed state of replica 0 for partition topic.admin.test1-1 from OfflineReplica to ReplicaDeletionStarted (state.change.logger)
[2020-02-08 14:07:36,577] TRACE [Controller id=0 epoch=4] Changed state of replica 0 for partition topic.admin.test1-3 from OfflineReplica to ReplicaDeletionStarted (state.change.logger)
[2020-02-08 14:07:36,577] TRACE [Controller id=0 epoch=4] Changed state of replica 0 for partition topic.admin.test1-0 from OfflineReplica to ReplicaDeletionStarted (state.change.logger)
[2020-02-08 14:07:36,588] TRACE [Broker id=0] Handling stop replica (delete=false) for partition topic.admin.test1-2 (state.change.logger)
[2020-02-08 14:07:36,589] TRACE [Broker id=0] Finished handling stop replica (delete=false) for partition topic.admin.test1-2 (state.change.logger)
[2020-02-08 14:07:36,589] TRACE [Broker id=0] Handling stop replica (delete=false) for partition topic.admin.test1-1 (state.change.logger)
[2020-02-08 14:07:36,589] TRACE [Broker id=0] Finished handling stop replica (delete=false) for partition topic.admin.test1-1 (state.change.logger)
[2020-02-08 14:07:36,589] TRACE [Broker id=0] Handling stop replica (delete=false) for partition topic.admin.test1-3 (state.change.logger)
[2020-02-08 14:07:36,589] TRACE [Broker id=0] Finished handling stop replica (delete=false) for partition topic.admin.test1-3 (state.change.logger)
[2020-02-08 14:07:36,589] TRACE [Broker id=0] Handling stop replica (delete=false) for partition topic.admin.test1-0 (state.change.logger)
[2020-02-08 14:07:36,589] TRACE [Broker id=0] Finished handling stop replica (delete=false) for partition topic.admin.test1-0 (state.change.logger)
[2020-02-08 14:07:36,593] TRACE [Controller id=0 epoch=4] Received response {error_code=0,partition_errors=[{topic_name=topic.admin.test1,partition_index=3,error_code=0,_tagged_fields={}},{topic_name=topic.admin.test1,partition_index=0,error_code=0,_tagged_fields={}},{topic_name=topic.admin.test1,partition_index=2,error_code=0,_tagged_fields={}},{topic_name=topic.admin.test1,partition_index=1,error_code=0,_tagged_fields={}}],_tagged_fields={}} for request STOP_REPLICA with correlation id 12 sent to broker master:9092 (id: 0 rack: null) (state.change.logger)
[2020-02-08 14:07:36,594] TRACE [Broker id=0] Handling stop replica (delete=true) for partition topic.admin.test1-2 (state.change.logger)
[2020-02-08 14:07:36,620] TRACE [Broker id=0] Finished handling stop replica (delete=true) for partition topic.admin.test1-2 (state.change.logger)
[2020-02-08 14:07:36,620] TRACE [Broker id=0] Handling stop replica (delete=true) for partition topic.admin.test1-1 (state.change.logger)
[2020-02-08 14:07:36,630] TRACE [Broker id=0] Finished handling stop replica (delete=true) for partition topic.admin.test1-1 (state.change.logger)
[2020-02-08 14:07:36,630] TRACE [Broker id=0] Handling stop replica (delete=true) for partition topic.admin.test1-3 (state.change.logger)
[2020-02-08 14:07:36,640] TRACE [Broker id=0] Finished handling stop replica (delete=true) for partition topic.admin.test1-3 (state.change.logger)
[2020-02-08 14:07:36,640] TRACE [Broker id=0] Handling stop replica (delete=true) for partition topic.admin.test1-0 (state.change.logger)
[2020-02-08 14:07:36,651] TRACE [Broker id=0] Finished handling stop replica (delete=true) for partition topic.admin.test1-0 (state.change.logger)
[2020-02-08 14:07:36,651] TRACE [Controller id=0 epoch=4] Received response {error_code=0,partition_errors=[{topic_name=topic.admin.test1,partition_index=3,error_code=0,_tagged_fields={}},{topic_name=topic.admin.test1,partition_index=0,error_code=0,_tagged_fields={}},{topic_name=topic.admin.test1,partition_index=2,error_code=0,_tagged_fields={}},{topic_name=topic.admin.test1,partition_index=1,error_code=0,_tagged_fields={}}],_tagged_fields={}} for request STOP_REPLICA with correlation id 13 sent to broker master:9092 (id: 0 rack: null) (state.change.logger)
[2020-02-08 14:07:36,657] TRACE [Controller id=0 epoch=4] Changed state of replica 0 for partition topic.admin.test1-3 from ReplicaDeletionStarted to ReplicaDeletionSuccessful (state.change.logger)
[2020-02-08 14:07:36,657] TRACE [Controller id=0 epoch=4] Changed state of replica 0 for partition topic.admin.test1-0 from ReplicaDeletionStarted to ReplicaDeletionSuccessful (state.change.logger)
[2020-02-08 14:07:36,657] TRACE [Controller id=0 epoch=4] Changed state of replica 0 for partition topic.admin.test1-2 from ReplicaDeletionStarted to ReplicaDeletionSuccessful (state.change.logger)
[2020-02-08 14:07:36,657] TRACE [Controller id=0 epoch=4] Changed state of replica 0 for partition topic.admin.test1-1 from ReplicaDeletionStarted to ReplicaDeletionSuccessful (state.change.logger)
[2020-02-08 14:07:36,659] TRACE [Controller id=0 epoch=4] Changed state of replica 0 for partition topic.admin.test1-2 from ReplicaDeletionSuccessful to NonExistentReplica (state.change.logger)
[2020-02-08 14:07:36,659] TRACE [Controller id=0 epoch=4] Changed state of replica 0 for partition topic.admin.test1-1 from ReplicaDeletionSuccessful to NonExistentReplica (state.change.logger)
[2020-02-08 14:07:36,659] TRACE [Controller id=0 epoch=4] Changed state of replica 0 for partition topic.admin.test1-3 from ReplicaDeletionSuccessful to NonExistentReplica (state.change.logger)
[2020-02-08 14:07:36,659] TRACE [Controller id=0 epoch=4] Changed state of replica 0 for partition topic.admin.test1-0 from ReplicaDeletionSuccessful to NonExistentReplica (state.change.logger)
